jucms/build/intermediates/manifest_merge_blame_file/debug/manifest-merger-blame-debug-report.txt
1<?xml version="1.0" encoding="utf-8"?>
2<manifest xmlns:android="http://schemas.android.com/apk/res/android"
3    package="com.nxgenminds.eduminds.ju.cms"
4    android:versionCode="5"
5    android:versionName="1.4" >
6
7    <uses-sdk
7-->src/main/AndroidManifest.xml:7:5-9:41
8        android:minSdkVersion="21"
8-->src/main/AndroidManifest.xml:8:9-35
9        android:targetSdkVersion="21" />
9-->src/main/AndroidManifest.xml:9:9-38
10
11    <uses-permission android:name="android.permission.INTERNET" />
11-->src/main/AndroidManifest.xml:11:5-67
11-->src/main/AndroidManifest.xml:11:22-64
12    <uses-permission android:name="android.permission.READ_PHONE_STATE" />
12-->src/main/AndroidManifest.xml:12:5-75
12-->src/main/AndroidManifest.xml:12:22-72
13    <uses-permission android:name="android.permission.CAMERA" />
13-->src/main/AndroidManifest.xml:13:5-65
13-->src/main/AndroidManifest.xml:13:22-62
14    <uses-permission android:name="android.permission.WRITE_EXTERNAL_STORAGE" />
14-->src/main/AndroidManifest.xml:14:5-81
14-->src/main/AndroidManifest.xml:14:22-78
15    <uses-permission android:name="android.permission.READ_EXTERNAL_STORAGE" />
15-->src/main/AndroidManifest.xml:15:5-80
15-->src/main/AndroidManifest.xml:15:22-77
16    <uses-permission android:name="android.permission.ACCESS_NETWORK_STATE" />
16-->src/main/AndroidManifest.xml:16:5-79
16-->src/main/AndroidManifest.xml:16:22-76
17    <uses-permission android:name="android.permission.GET_ACCOUNTS" />
17-->src/main/AndroidManifest.xml:17:5-71
17-->src/main/AndroidManifest.xml:17:22-68
18    <uses-permission android:name="android.permission.WAKE_LOCK" />
18-->src/main/AndroidManifest.xml:18:5-68
18-->src/main/AndroidManifest.xml:18:22-65
19    <uses-permission android:name="com.google.android.c2dm.permission.RECEIVE" />
19-->src/main/AndroidManifest.xml:19:5-82
19-->src/main/AndroidManifest.xml:19:22-79
20    <uses-permission android:name="android.permission.VIBRATE" />
20-->src/main/AndroidManifest.xml:20:5-66
20-->src/main/AndroidManifest.xml:20:22-63
21
22    <permission
22-->src/main/AndroidManifest.xml:22:5-24:47
23        android:name="com.youflik.youconnect.ju.cms.permission.C2D_MESSAGE"
23-->src/main/AndroidManifest.xml:23:9-76
24        android:protectionLevel="signature" />
24-->src/main/AndroidManifest.xml:24:9-44
25
26    <uses-permission android:name="com.youflik.youconnect.ju.cms.permission.C2D_MESSAGE" />
26-->src/main/AndroidManifest.xml:26:5-92
26-->src/main/AndroidManifest.xml:26:22-89
27
28    <uses-feature
28-->[com.google.android.gms:play-services-maps:12.0.1] AndroidManifest.xml:26:5-28:35
29        android:glEsVersion="0x00020000"
29-->[com.google.android.gms:play-services-maps:12.0.1] AndroidManifest.xml:27:9-41
30        android:required="true" />
30-->[com.google.android.gms:play-services-maps:12.0.1] AndroidManifest.xml:28:9-32
31
32    <permission
32-->[com.google.firebase:firebase-iid:12.0.1] AndroidManifest.xml:28:5-30:47
33        android:name="com.nxgenminds.eduminds.ju.cms.permission.C2D_MESSAGE"
33-->[com.google.firebase:firebase-iid:12.0.1] AndroidManifest.xml:29:9-63
34        android:protectionLevel="signature" />
34-->[com.google.firebase:firebase-iid:12.0.1] AndroidManifest.xml:30:9-44
35
36    <uses-permission android:name="com.nxgenminds.eduminds.ju.cms.permission.C2D_MESSAGE" />
36-->[com.google.firebase:firebase-iid:12.0.1] AndroidManifest.xml:32:5-79
36-->[com.google.firebase:firebase-iid:12.0.1] AndroidManifest.xml:32:22-76
37
38    <application
38-->src/main/AndroidManifest.xml:28:5-305:19
39        android:name="com.nxgenminds.eduminds.ju.cms.utils.UILApplication"
39-->src/main/AndroidManifest.xml:29:9-75
40        android:allowBackup="true"
40-->src/main/AndroidManifest.xml:30:9-35
41        android:debuggable="true"
42        android:icon="@drawable/jgiappicon"
42-->src/main/AndroidManifest.xml:31:9-44
43        android:label="@string/app_name"
43-->src/main/AndroidManifest.xml:32:9-41
44        android:theme="@style/Theme.AppCompat.Light.DarkActionBar" >
44-->src/main/AndroidManifest.xml:33:9-67
45        <meta-data
45-->src/main/AndroidManifest.xml:34:9-36:69
46            android:name="com.google.android.gms.version"
46-->src/main/AndroidManifest.xml:35:13-58
47            android:value="@integer/google_play_services_version" />
47-->src/main/AndroidManifest.xml:36:13-66
48
49        <activity
49-->src/main/AndroidManifest.xml:38:9-47:20
50            android:name="com.nxgenminds.eduminds.ju.cms.userLogin.MainSplashScreen"
50-->src/main/AndroidManifest.xml:39:13-85
51            android:label="@string/app_name"
51-->src/main/AndroidManifest.xml:40:13-45
52            android:screenOrientation="portrait" >
52-->src/main/AndroidManifest.xml:41:13-49
53            <intent-filter>
53-->src/main/AndroidManifest.xml:42:13-46:29
54                <action android:name="android.intent.action.MAIN" />
54-->src/main/AndroidManifest.xml:43:17-69
54-->src/main/AndroidManifest.xml:43:25-66
55
56                <category android:name="android.intent.category.LAUNCHER" />
56-->src/main/AndroidManifest.xml:45:17-77
56-->src/main/AndroidManifest.xml:45:27-74
57            </intent-filter>
58        </activity>
59        <activity
59-->src/main/AndroidManifest.xml:48:9-52:20
60            android:name="com.nxgenminds.eduminds.ju.cms.HomePage"
60-->src/main/AndroidManifest.xml:49:13-67
61            android:screenOrientation="portrait"
61-->src/main/AndroidManifest.xml:50:13-49
62            android:theme="@style/Theme.AppCompat" >
62-->src/main/AndroidManifest.xml:51:13-51
63        </activity>
64        <activity
64-->src/main/AndroidManifest.xml:53:9-57:20
65            android:name="com.nxgenminds.eduminds.ju.cms.messages.ChatDetailActivity"
65-->src/main/AndroidManifest.xml:54:13-86
66            android:screenOrientation="portrait"
66-->src/main/AndroidManifest.xml:55:13-49
67            android:theme="@style/Theme.AppCompat.Light.DarkActionBar" >
67-->src/main/AndroidManifest.xml:56:13-71
68        </activity>
69        <activity
69-->src/main/AndroidManifest.xml:58:10-62:20
70            android:name="com.nxgenminds.eduminds.ju.cms.noticeboard.NoticeBoardDeatailActivity"
70-->src/main/AndroidManifest.xml:59:13-97
71            android:screenOrientation="portrait"
71-->src/main/AndroidManifest.xml:60:13-49
72            android:theme="@style/Theme.AppCompat.Light.DarkActionBar" >
72-->src/main/AndroidManifest.xml:61:13-71
73        </activity>
74        <activity
74-->src/main/AndroidManifest.xml:64:10-68:20
75            android:name="com.nxgenminds.eduminds.ju.cms.noticeboard.NoticeBoardImageDisplayActivity"
75-->src/main/AndroidManifest.xml:65:13-102
76            android:screenOrientation="portrait"
76-->src/main/AndroidManifest.xml:66:13-49
77            android:theme="@style/Theme.AppCompat.Light.DarkActionBar" >
77-->src/main/AndroidManifest.xml:67:13-71
78        </activity>
79        <activity
79-->src/main/AndroidManifest.xml:69:9-73:20
80            android:name="com.nxgenminds.eduminds.ju.cms.placementsboard.PlacementsBoardDeatailActivity"
80-->src/main/AndroidManifest.xml:70:13-105
81            android:screenOrientation="portrait"
81-->src/main/AndroidManifest.xml:71:13-49
82            android:theme="@style/Theme.AppCompat.Light.DarkActionBar" >
82-->src/main/AndroidManifest.xml:72:13-71
83        </activity>
84        <activity
84-->src/main/AndroidManifest.xml:75:10-79:20
85            android:name="com.nxgenminds.eduminds.ju.cms.placementsboard.PlacementsBoardImageDisplayActivity"
85-->src/main/AndroidManifest.xml:76:13-110
86            android:screenOrientation="portrait"
86-->src/main/AndroidManifest.xml:77:13-49
87            android:theme="@style/Theme.AppCompat.Light.DarkActionBar" >
87-->src/main/AndroidManifest.xml:78:13-71
88        </activity>
89        <activity
89-->src/main/AndroidManifest.xml:81:9-85:20
90            android:name="com.nxgenminds.eduminds.ju.cms.NavMainActivity"
90-->src/main/AndroidManifest.xml:82:13-74
91            android:screenOrientation="portrait"
91-->src/main/AndroidManifest.xml:83:13-49
92            android:theme="@style/Theme.AppCompat.Light.DarkActionBar" >
92-->src/main/AndroidManifest.xml:84:13-71
93        </activity>
94        <activity
94-->src/main/AndroidManifest.xml:86:9-90:20
95            android:name="com.nxgenminds.eduminds.ju.cms.messages.SearchUserMessages"
95-->src/main/AndroidManifest.xml:87:13-86
96            android:screenOrientation="portrait"
96-->src/main/AndroidManifest.xml:88:13-49
97            android:theme="@style/Theme.AppCompat.Light.DarkActionBar" >
97-->src/main/AndroidManifest.xml:89:13-71
98        </activity>
99        <activity
99-->src/main/AndroidManifest.xml:91:9-95:20
100            android:name="com.nxgenminds.eduminds.ju.cms.guestLogin.GuestLogin"
100-->src/main/AndroidManifest.xml:92:13-80
101            android:screenOrientation="portrait"
101-->src/main/AndroidManifest.xml:93:13-49
102            android:windowSoftInputMode="adjustResize" >
102-->src/main/AndroidManifest.xml:94:13-55
103        </activity>
104        <activity
104-->src/main/AndroidManifest.xml:96:9-100:20
105            android:name="com.nxgenminds.eduminds.ju.cms.userLogin.MemberLogin"
105-->src/main/AndroidManifest.xml:97:13-80
106            android:screenOrientation="portrait"
106-->src/main/AndroidManifest.xml:98:13-49
107            android:windowSoftInputMode="adjustResize" >
107-->src/main/AndroidManifest.xml:99:13-55
108        </activity>
109        <activity
109-->src/main/AndroidManifest.xml:101:9-104:20
110            android:name="com.nxgenminds.eduminds.ju.cms.classSchedule.ClassScheduleDetailActivity"
110-->src/main/AndroidManifest.xml:102:13-100
111            android:screenOrientation="portrait" >
111-->src/main/AndroidManifest.xml:103:13-49
112        </activity>
113        <activity
113-->src/main/AndroidManifest.xml:105:9-108:20
114            android:name="com.nxgenminds.eduminds.ju.cms.classSchedule.AdminFilterView"
114-->src/main/AndroidManifest.xml:106:13-88
115            android:screenOrientation="portrait" >
115-->src/main/AndroidManifest.xml:107:13-49
116        </activity>
117        <activity
117-->src/main/AndroidManifest.xml:109:9-113:20
118            android:name="com.nxgenminds.eduminds.ju.cms.jgigroup.GroupTabMenuActivity"
118-->src/main/AndroidManifest.xml:110:13-88
119            android:screenOrientation="portrait"
119-->src/main/AndroidManifest.xml:111:13-49
120            android:theme="@style/Theme.AppCompat.Light.DarkActionBar" >
120-->src/main/AndroidManifest.xml:112:13-71
121        </activity>
122        <activity
122-->src/main/AndroidManifest.xml:114:9-118:20
123            android:name="com.nxgenminds.eduminds.ju.cms.userprofile.UserTabMenuActivity"
123-->src/main/AndroidManifest.xml:115:13-90
124            android:screenOrientation="portrait"
124-->src/main/AndroidManifest.xml:116:13-49
125            android:theme="@style/Theme.AppCompat.Light.DarkActionBar" >
125-->src/main/AndroidManifest.xml:117:13-71
126        </activity>
127        <activity
127-->src/main/AndroidManifest.xml:119:9-123:20
128            android:name="com.nxgenminds.eduminds.ju.cms.userprofile.UserProfileAlumni"
128-->src/main/AndroidManifest.xml:120:13-88
129            android:screenOrientation="portrait"
129-->src/main/AndroidManifest.xml:121:13-49
130            android:theme="@style/Theme.AppCompat.Light" >
130-->src/main/AndroidManifest.xml:122:13-57
131        </activity>
132        <activity
132-->src/main/AndroidManifest.xml:124:9-128:20
133            android:name="com.nxgenminds.eduminds.ju.cms.ImagePagerActivity"
133-->src/main/AndroidManifest.xml:125:13-77
134            android:screenOrientation="portrait"
134-->src/main/AndroidManifest.xml:126:13-49
135            android:theme="@style/Theme.AppCompat.Light" >
135-->src/main/AndroidManifest.xml:127:13-57
136        </activity>
137        <activity
137-->src/main/AndroidManifest.xml:129:9-133:20
138            android:name="com.nxgenminds.eduminds.ju.cms.thirdpartyprofile.ThirdPartyTabMenuActivity"
138-->src/main/AndroidManifest.xml:130:13-102
139            android:screenOrientation="portrait"
139-->src/main/AndroidManifest.xml:131:13-49
140            android:theme="@style/Theme.AppCompat.Light.DarkActionBar" >
140-->src/main/AndroidManifest.xml:132:13-71
141        </activity>
142        <activity
142-->src/main/AndroidManifest.xml:134:9-138:20
143            android:name="com.nxgenminds.eduminds.ju.cms.guestLogin.GuestLoginTabMenuActivity"
143-->src/main/AndroidManifest.xml:135:13-95
144            android:screenOrientation="portrait"
144-->src/main/AndroidManifest.xml:136:13-49
145            android:theme="@style/Theme.AppCompat.Light" >
145-->src/main/AndroidManifest.xml:137:13-57
146        </activity>
147        <activity
147-->src/main/AndroidManifest.xml:139:9-143:20
148            android:name="com.nxgenminds.eduminds.ju.cms.timefeed.LikeDetailActivity"
148-->src/main/AndroidManifest.xml:140:13-86
149            android:screenOrientation="portrait"
149-->src/main/AndroidManifest.xml:141:13-49
150            android:theme="@style/Theme.AppCompat.Light" >
150-->src/main/AndroidManifest.xml:142:13-57
151        </activity>
152        <activity
152-->src/main/AndroidManifest.xml:144:9-149:20
153            android:name="com.nxgenminds.eduminds.ju.cms.statusUpdate.UserPostCreateAcitivty"
153-->src/main/AndroidManifest.xml:145:13-94
154            android:screenOrientation="portrait"
154-->src/main/AndroidManifest.xml:146:13-49
155            android:theme="@style/Theme.AppCompat.Light.DarkActionBar"
155-->src/main/AndroidManifest.xml:147:13-71
156            android:windowSoftInputMode="adjustResize" >
156-->src/main/AndroidManifest.xml:148:13-55
157        </activity>
158        <activity
158-->src/main/AndroidManifest.xml:150:9-153:60
159            android:name="com.nxgenminds.eduminds.ju.cms.contactFetcher.Contact_Fetcher_MainActivity"
159-->src/main/AndroidManifest.xml:151:13-102
160            android:screenOrientation="portrait"
160-->src/main/AndroidManifest.xml:152:13-49
161            android:theme="@style/Theme.AppCompat.Light" />
161-->src/main/AndroidManifest.xml:153:13-57
162        <activity
162-->src/main/AndroidManifest.xml:154:9-156:52
163            android:name="eu.janmuller.android.simplecropimage.CropImage"
163-->src/main/AndroidManifest.xml:155:13-74
164            android:screenOrientation="portrait" />
164-->src/main/AndroidManifest.xml:156:13-49
165
166        <provider
166-->src/main/AndroidManifest.xml:158:9-162:52
167            android:name="com.nxgenminds.eduminds.ju.cms.utils.InternalStorageContentProvider"
167-->src/main/AndroidManifest.xml:159:13-95
168            android:authorities="com.youflik.youconnect.ju.cms.utils"
168-->src/main/AndroidManifest.xml:160:13-70
169            android:exported="true"
169-->src/main/AndroidManifest.xml:161:13-36
170            android:screenOrientation="portrait" />
170-->src/main/AndroidManifest.xml:162:13-49
171
172        <activity
172-->src/main/AndroidManifest.xml:164:9-167:74
173            android:name="com.nxgenminds.eduminds.ju.cms.ViewProfilePhoto"
173-->src/main/AndroidManifest.xml:165:13-75
174            android:label=""
174-->src/main/AndroidManifest.xml:166:13-29
175            android:theme="@style/Theme.AppCompat.Light.DarkActionBar" />
175-->src/main/AndroidManifest.xml:167:13-71
176        <activity
176-->src/main/AndroidManifest.xml:168:9-171:60
177            android:name="com.nxgenminds.eduminds.ju.cms.userprofileupdate.UserProfileUpdate"
177-->src/main/AndroidManifest.xml:169:13-94
178            android:screenOrientation="portrait"
178-->src/main/AndroidManifest.xml:170:13-49
179            android:theme="@style/Theme.AppCompat.Light" />
179-->src/main/AndroidManifest.xml:171:13-57
180        <activity
180-->src/main/AndroidManifest.xml:172:9-175:60
181            android:name="com.nxgenminds.eduminds.ju.cms.Select_Connections"
181-->src/main/AndroidManifest.xml:173:13-77
182            android:screenOrientation="portrait"
182-->src/main/AndroidManifest.xml:174:13-49
183            android:theme="@style/Theme.AppCompat.Light" />
183-->src/main/AndroidManifest.xml:175:13-57
184        <activity
184-->src/main/AndroidManifest.xml:176:9-179:60
185            android:name="com.nxgenminds.eduminds.ju.cms.Select_Connections_Messages"
185-->src/main/AndroidManifest.xml:177:13-86
186            android:screenOrientation="portrait"
186-->src/main/AndroidManifest.xml:178:13-49
187            android:theme="@style/Theme.AppCompat.Light" />
187-->src/main/AndroidManifest.xml:179:13-57
188        <activity
188-->src/main/AndroidManifest.xml:180:9-183:74
189            android:name="com.nxgenminds.eduminds.ju.cms.Internship.AdminDetailView"
189-->src/main/AndroidManifest.xml:181:13-85
190            android:screenOrientation="portrait"
190-->src/main/AndroidManifest.xml:182:13-49
191            android:theme="@style/Theme.AppCompat.Light.DarkActionBar" />
191-->src/main/AndroidManifest.xml:183:13-71
192        <activity
192-->src/main/AndroidManifest.xml:184:9-188:55
193            android:name="com.nxgenminds.eduminds.ju.cms.Internship.CompanyAdminDetailView"
193-->src/main/AndroidManifest.xml:185:13-92
194            android:screenOrientation="portrait"
194-->src/main/AndroidManifest.xml:186:13-49
195            android:theme="@style/Theme.AppCompat.Light.DarkActionBar"
195-->src/main/AndroidManifest.xml:187:13-71
196            android:windowSoftInputMode="adjustPan" />
196-->src/main/AndroidManifest.xml:188:13-52
197        <activity
197-->src/main/AndroidManifest.xml:189:9-193:59
198            android:name="com.nxgenminds.eduminds.ju.cms.SelectConnectionTabActivity"
198-->src/main/AndroidManifest.xml:190:13-86
199            android:screenOrientation="portrait"
199-->src/main/AndroidManifest.xml:191:13-49
200            android:theme="@style/Theme.AppCompat.Light.DarkActionBar"
200-->src/main/AndroidManifest.xml:192:13-71
201            android:windowSoftInputMode="adjustNothing" />
201-->src/main/AndroidManifest.xml:193:13-56
202        <activity
202-->src/main/AndroidManifest.xml:194:9-199:59
203            android:name="com.nxgenminds.eduminds.ju.cms.events.EventDetailActivtiy"
203-->src/main/AndroidManifest.xml:195:13-85
204            android:label="Event Details"
204-->src/main/AndroidManifest.xml:196:13-42
205            android:screenOrientation="portrait"
205-->src/main/AndroidManifest.xml:197:13-49
206            android:theme="@style/Theme.AppCompat.Light.DarkActionBar"
206-->src/main/AndroidManifest.xml:198:13-71
207            android:windowSoftInputMode="adjustNothing" />
207-->src/main/AndroidManifest.xml:199:13-56
208        <activity
208-->src/main/AndroidManifest.xml:200:9-206:20
209            android:name="com.youflik.youconnect.ju.cms.broadcast.BroadcastCompose"
209-->src/main/AndroidManifest.xml:201:13-84
210            android:label="Create Broadcast"
210-->src/main/AndroidManifest.xml:202:13-45
211            android:screenOrientation="portrait"
211-->src/main/AndroidManifest.xml:203:13-49
212            android:theme="@style/Theme.AppCompat.Light.DarkActionBar"
212-->src/main/AndroidManifest.xml:204:13-71
213            android:windowSoftInputMode="adjustResize" >
213-->src/main/AndroidManifest.xml:205:13-55
214        </activity>
215        <activity
215-->src/main/AndroidManifest.xml:207:9-210:20
216            android:name="com.nxgenminds.eduminds.ju.cms.events.UserCreateEvent"
216-->src/main/AndroidManifest.xml:208:13-81
217            android:screenOrientation="portrait" >
217-->src/main/AndroidManifest.xml:209:13-49
218        </activity>
219        <activity
219-->src/main/AndroidManifest.xml:211:9-214:20
220            android:name="com.nxgenminds.eduminds.ju.cms.events.EventUpdateActivity"
220-->src/main/AndroidManifest.xml:212:13-85
221            android:screenOrientation="portrait" >
221-->src/main/AndroidManifest.xml:213:13-49
222        </activity>
223        <activity
223-->src/main/AndroidManifest.xml:215:9-218:20
224            android:name="com.nxgenminds.eduminds.ju.cms.events.EventThemestThemes"
224-->src/main/AndroidManifest.xml:216:13-84
225            android:screenOrientation="portrait" >
225-->src/main/AndroidManifest.xml:217:13-49
226        </activity>
227        <activity
227-->src/main/AndroidManifest.xml:219:9-222:20
228            android:name="com.nxgenminds.eduminds.ju.cms.search.SearchMembers"
228-->src/main/AndroidManifest.xml:220:13-79
229            android:screenOrientation="portrait" >
229-->src/main/AndroidManifest.xml:221:13-49
230        </activity>
231        <activity
231-->src/main/AndroidManifest.xml:223:9-226:20
232            android:name="com.nxgenminds.eduminds.ju.cms.DiscussionForum.DiscussionsForumQuestionsActivity"
232-->src/main/AndroidManifest.xml:224:13-108
233            android:screenOrientation="portrait" >
233-->src/main/AndroidManifest.xml:225:13-49
234        </activity>
235        <activity
235-->src/main/AndroidManifest.xml:227:9-231:20
236            android:name="com.nxgenminds.eduminds.ju.cms.LearningOutcomeStudentActivity"
236-->src/main/AndroidManifest.xml:228:13-89
237            android:screenOrientation="portrait"
237-->src/main/AndroidManifest.xml:229:13-49
238            android:windowSoftInputMode="adjustResize" >
238-->src/main/AndroidManifest.xml:230:13-55
239        </activity>
240        <activity
240-->src/main/AndroidManifest.xml:232:9-235:20
241            android:name="com.nxgenminds.eduminds.ju.cms.attendence.TakeAttendenceActivtiy"
241-->src/main/AndroidManifest.xml:233:13-92
242            android:screenOrientation="portrait" >
242-->src/main/AndroidManifest.xml:234:13-49
243        </activity>
244        <activity
244-->src/main/AndroidManifest.xml:236:9-239:20
245            android:name="com.nxgenminds.eduminds.ju.cms.DiscussionForum.DiscussionsFrmReplysActivity"
245-->src/main/AndroidManifest.xml:237:13-103
246            android:screenOrientation="portrait" >
246-->src/main/AndroidManifest.xml:238:13-49
247        </activity>
248        <activity
248-->src/main/AndroidManifest.xml:240:9-243:20
249            android:name="com.nxgenminds.eduminds.ju.cms.events.EventThemes"
249-->src/main/AndroidManifest.xml:241:13-77
250            android:screenOrientation="portrait" >
250-->src/main/AndroidManifest.xml:242:13-49
251        </activity>
252        <activity
252-->src/main/AndroidManifest.xml:244:9-247:20
253            android:name="com.nxgenminds.eduminds.ju.cms.events.EventUserSearchActivity"
253-->src/main/AndroidManifest.xml:245:13-89
254            android:screenOrientation="portrait" >
254-->src/main/AndroidManifest.xml:246:13-49
255        </activity>
256        <activity
256-->src/main/AndroidManifest.xml:248:9-252:20
257            android:name="com.nxgenminds.eduminds.ju.cms.broadcast_new.BroadcastCreateActivity_new"
257-->src/main/AndroidManifest.xml:249:13-100
258            android:label="Create Broadcast"
258-->src/main/AndroidManifest.xml:250:13-45
259            android:screenOrientation="portrait" >
259-->src/main/AndroidManifest.xml:251:13-49
260        </activity>
261        <activity
261-->src/main/AndroidManifest.xml:253:9-257:20
262            android:name="com.nxgenminds.eduminds.ju.cms.broadcast_new.BroadcastCustomFiltersListActivity_new"
262-->src/main/AndroidManifest.xml:254:13-111
263            android:label="Select"
263-->src/main/AndroidManifest.xml:255:13-35
264            android:screenOrientation="portrait" >
264-->src/main/AndroidManifest.xml:256:13-49
265        </activity>
266        <activity
266-->src/main/AndroidManifest.xml:258:9-261:20
267            android:name="com.nxgenminds.eduminds.ju.cms.FeedbackAdmin.FeedBackAdminFilterActivity"
267-->src/main/AndroidManifest.xml:259:13-100
268            android:screenOrientation="portrait" >
268-->src/main/AndroidManifest.xml:260:13-49
269        </activity>
270        <activity
270-->src/main/AndroidManifest.xml:262:9-265:20
271            android:name="com.nxgenminds.eduminds.ju.cms.FeedbackAdmin.FeedBackAdminTeacherListingActivity"
271-->src/main/AndroidManifest.xml:263:13-108
272            android:screenOrientation="portrait" >
272-->src/main/AndroidManifest.xml:264:13-49
273        </activity>
274        <activity
274-->src/main/AndroidManifest.xml:266:9-269:20
275            android:name="com.nxgenminds.eduminds.ju.cms.FeedbackAdmin.FeedbackTeacherDetailActivity"
275-->src/main/AndroidManifest.xml:267:13-102
276            android:screenOrientation="portrait" >
276-->src/main/AndroidManifest.xml:268:13-49
277        </activity>
278        <activity
278-->src/main/AndroidManifest.xml:270:9-275:20
279            android:name="com.nxgenminds.eduminds.ju.cms.ResetPassword"
279-->src/main/AndroidManifest.xml:271:13-72
280            android:label="Reset Password"
280-->src/main/AndroidManifest.xml:272:13-43
281            android:screenOrientation="portrait"
281-->src/main/AndroidManifest.xml:273:13-49
282            android:windowSoftInputMode="adjustResize" >
282-->src/main/AndroidManifest.xml:274:13-55
283        </activity>
284        <activity
284-->src/main/AndroidManifest.xml:276:9-280:20
285            android:name="com.nxgenminds.eduminds.ju.cms.guestLogin.GuestRegistration"
285-->src/main/AndroidManifest.xml:277:13-87
286            android:screenOrientation="portrait"
286-->src/main/AndroidManifest.xml:278:13-49
287            android:windowSoftInputMode="adjustResize" >
287-->src/main/AndroidManifest.xml:279:13-55
288        </activity>
289        <activity
289-->src/main/AndroidManifest.xml:281:9-284:20
290            android:name="com.nxgenminds.eduminds.ju.cms.guestAdmissions.AdmissionDeatailActivity"
290-->src/main/AndroidManifest.xml:282:13-99
291            android:screenOrientation="portrait" >
291-->src/main/AndroidManifest.xml:283:13-49
292        </activity>
293        <activity
293-->src/main/AndroidManifest.xml:285:9-288:20
294            android:name="com.nxgenminds.eduminds.ju.cms.guestAcademics.AcademicsDeatailActivity"
294-->src/main/AndroidManifest.xml:286:13-98
295            android:screenOrientation="portrait" >
295-->src/main/AndroidManifest.xml:287:13-49
296        </activity>
297        <activity
297-->src/main/AndroidManifest.xml:289:9-292:20
298            android:name="com.nxgenminds.eduminds.ju.cms.guestEntrnaceTest.EntranceTestResultDeatailActivity"
298-->src/main/AndroidManifest.xml:290:13-110
299            android:screenOrientation="portrait" >
299-->src/main/AndroidManifest.xml:291:13-49
300        </activity>
301
302        <receiver
302-->src/main/AndroidManifest.xml:294:9-302:20
303            android:name="com.nxgenminds.eduminds.ju.cms.broadcastreceivers.JucmsGCMBroadCastReceiver"
303-->src/main/AndroidManifest.xml:295:13-103
304            android:permission="com.google.android.c2dm.permission.SEND" >
304-->src/main/AndroidManifest.xml:296:13-73
305            <intent-filter>
305-->src/main/AndroidManifest.xml:297:13-301:29
306                <action android:name="com.google.android.c2dm.intent.RECEIVE" />
306-->src/main/AndroidManifest.xml:298:17-81
306-->src/main/AndroidManifest.xml:298:25-78
307
308                <category android:name="com.youflik.youconnect.ju.cms.broadcastreceivers" />
308-->src/main/AndroidManifest.xml:300:17-93
308-->src/main/AndroidManifest.xml:300:27-90
309            </intent-filter>
310        </receiver>
311
312        <service android:name="com.nxgenminds.eduminds.ju.cms.services.JucmsGCMIntentService" />
312-->src/main/AndroidManifest.xml:304:9-97
312-->src/main/AndroidManifest.xml:304:18-94
313
314        <receiver android:name="com.google.android.gms.cast.framework.media.MediaIntentReceiver" />
314-->[com.google.android.gms:play-services-cast-framework:12.0.1] AndroidManifest.xml:8:9-100
314-->[com.google.android.gms:play-services-cast-framework:12.0.1] AndroidManifest.xml:8:19-97
315
316        <service android:name="com.google.android.gms.cast.framework.media.MediaNotificationService" />
316-->[com.google.android.gms:play-services-cast-framework:12.0.1] AndroidManifest.xml:10:9-104
316-->[com.google.android.gms:play-services-cast-framework:12.0.1] AndroidManifest.xml:10:18-101
317        <service android:name="com.google.android.gms.cast.framework.ReconnectionService" />
317-->[com.google.android.gms:play-services-cast-framework:12.0.1] AndroidManifest.xml:11:9-93
317-->[com.google.android.gms:play-services-cast-framework:12.0.1] AndroidManifest.xml:11:18-90
318
319        <meta-data
319-->[com.android.support:mediarouter-v7:26.1.0] AndroidManifest.xml:23:9-25:38
320            android:name="android.support.VERSION"
320-->[com.android.support:mediarouter-v7:26.1.0] AndroidManifest.xml:24:13-51
321            android:value="26.1.0" /> <!-- Include the AdActivity and InAppPurchaseActivity configChanges and themes. -->
321-->[com.android.support:mediarouter-v7:26.1.0] AndroidManifest.xml:25:13-35
322        <activity
322-->[com.google.android.gms:play-services-ads-lite:12.0.1] AndroidManifest.xml:29:9-33:64
323            android:name="com.google.android.gms.ads.AdActivity"
323-->[com.google.android.gms:play-services-ads-lite:12.0.1] AndroidManifest.xml:30:13-65
324            android:configChanges="keyboard|keyboardHidden|orientation|screenLayout|uiMode|screenSize|smallestScreenSize"
324-->[com.google.android.gms:play-services-ads-lite:12.0.1] AndroidManifest.xml:31:13-122
325            android:exported="false"
325-->[com.google.android.gms:play-services-ads-lite:12.0.1] AndroidManifest.xml:32:13-37
326            android:theme="@android:style/Theme.Translucent" />
326-->[com.google.android.gms:play-services-ads-lite:12.0.1] AndroidManifest.xml:33:13-61
327
328        <receiver
328-->[com.google.android.gms:play-services-analytics:12.0.1] AndroidManifest.xml:30:9-34:20
329            android:name="com.google.android.gms.analytics.AnalyticsReceiver"